<?xml version="1.0" encoding="UTF-8"?>
<!-- Generated by org.testng.reporters.JUnitReportReporter -->
<testsuite hostname="mohan-PC" name="pageobject.pagefactorywithoutfindby" tests="1" failures="0" timestamp="19 Oct 2019 02:41:25 GMT" time="17.660" errors="0">
  <testcase name="login" time="17.660" classname="pageobject.pagefactorywithoutfindby"/>
</testsuite> <!-- pageobject.pagefactorywithoutfindby -->
